2020-10-18 08:39:18,368 - ResourceManager : found AstClass.vm with loader org.apache.velocity.runtime.resource.loader.URLResourceLoader
2020-10-18 08:39:18,368 - URLResourceLoader: Exception when looking for 'variables.vm' at 'file:/root/czt-code/corejava/corejava-circusconf/src/main/resources/vm/gnast/'
java.io.FileNotFoundException: /root/czt-code/corejava/corejava-circusconf/src/main/resources/vm/gnast/variables.vm (No such file or directory)
	at java.io.FileInputStream.open0(Native Method)
	at java.io.FileInputStream.open(FileInputStream.java:195)
	at java.io.FileInputStream.<init>(FileInputStream.java:138)
	at java.io.FileInputStream.<init>(FileInputStream.java:93)
	at sun.net.www.protocol.file.FileURLConnection.connect(FileURLConnection.java:90)
	at sun.net.www.protocol.file.FileURLConnection.getInputStream(FileURLConnection.java:188)
	at org.apache.velocity.runtime.resource.loader.URLResourceLoader.getResourceStream(URLResourceLoader.java:115)
	at org.apache.velocity.Template.process(Template.java:108)
	at org.apache.velocity.runtime.resource.ResourceManagerImpl.loadResource(ResourceManagerImpl.java:437)
	at org.apache.velocity.runtime.resource.ResourceManagerImpl.getResource(ResourceManagerImpl.java:352)
	at org.apache.velocity.runtime.RuntimeInstance.getTemplate(RuntimeInstance.java:1533)
	at org.apache.velocity.runtime.directive.Parse.render(Parse.java:197)
	at org.apache.velocity.runtime.parser.node.ASTDirective.render(ASTDirective.java:207)
	at org.apache.velocity.runtime.parser.node.SimpleNode.render(SimpleNode.java:342)
	at org.apache.velocity.Template.merge(Template.java:356)
	at org.apache.velocity.Template.merge(Template.java:260)
	at net.sourceforge.czt.gnast.Apgen.generateLowLevel(Apgen.java:305)
	at net.sourceforge.czt.gnast.Apgen.generate(Apgen.java:339)
	at net.sourceforge.czt.gnast.Project.createFile(Project.java:250)
	at net.sourceforge.czt.gnast.Project.createFileIfNeeded(Project.java:189)
	at net.sourceforge.czt.gnast.Project.generate(Project.java:395)
	at net.sourceforge.czt.gnast.Gnast.generate(Gnast.java:397)
	at net.sourceforge.czt.gnast.maven.GnastGenerateMojo.execute(GnastGenerateMojo.java:213)
	at org.apache.maven.plugin.DefaultBuildPluginManager.executeMojo(DefaultBuildPluginManager.java:137)
	at org.apache.maven.lifecycle.internal.MojoExecutor.execute(MojoExecutor.java:208)
	at org.apache.maven.lifecycle.internal.MojoExecutor.execute(MojoExecutor.java:154)
	at org.apache.maven.lifecycle.internal.MojoExecutor.execute(MojoExecutor.java:146)
	at org.apache.maven.lifecycle.internal.LifecycleModuleBuilder.buildProject(LifecycleModuleBuilder.java:117)
	at org.apache.maven.lifecycle.internal.LifecycleModuleBuilder.buildProject(LifecycleModuleBuilder.java:81)
	at org.apache.maven.lifecycle.internal.builder.singlethreaded.SingleThreadedBuilder.build(SingleThreadedBuilder.java:56)
	at org.apache.maven.lifecycle.internal.LifecycleStarter.execute(LifecycleStarter.java:128)
	at org.apache.maven.DefaultMaven.doExecute(DefaultMaven.java:305)
	at org.apache.maven.DefaultMaven.doExecute(DefaultMaven.java:192)
	at org.apache.maven.DefaultMaven.execute(DefaultMaven.java:105)
	at org.apache.maven.cli.MavenCli.execute(MavenCli.java:954)
	at org.apache.maven.cli.MavenCli.doMain(MavenCli.java:288)
	at org.apache.maven.cli.MavenCli.main(MavenCli.java:192)
	at sun.reflect.NativeMethodAccessorImpl.invoke0(Native Method)
	at sun.reflect.NativeMethodAccessorImpl.invoke(NativeMethodAccessorImpl.java:62)
	at sun.reflect.DelegatingMethodAccessorImpl.invoke(DelegatingMethodAccessorImpl.java:43)
	at java.lang.reflect.Method.invoke(Method.java:498)
	at org.codehaus.plexus.classworlds.launcher.Launcher.launchEnhanced(Launcher.java:289)
	at org.codehaus.plexus.classworlds.launcher.Launcher.launch(Launcher.java:229)
	at org.codehaus.plexus.classworlds.launcher.Launcher.mainWithExitCode(Launcher.java:415)
	at org.codehaus.plexus.classworlds.launcher.Launcher.main(Launcher.java:356)
2020-10-18 08:39:18,369 - URLResourceLoader: Found 'variables.vm' at 'jar:file:/root/czt-code/corejava/corejava-src/target/corejava-src-1.6-cdh.jar!/vm/gnast/'
2020-10-18 08:39:18,369 - ResourceManager : found variables.vm with loader org.apache.velocity.runtime.resource.loader.URLResourceLoader
2020-10-18 08:39:18,369 - URLResourceLoader: Exception when looking for 'Copyright' at 'file:/root/czt-code/corejava/corejava-circusconf/src/main/resources/vm/gnast/'
java.io.FileNotFoundException: /root/czt-code/corejava/corejava-circusconf/src/main/resources/vm/gnast/Copyright (No such file or directory)
	at java.io.FileInputStream.open0(Native Method)
	at java.io.FileInputStream.open(FileInputStream.java:195)
	at java.io.FileInputStream.<init>(FileInputStream.java:138)
	at java.io.FileInputStream.<init>(FileInputStream.java:93)
	at sun.net.www.protocol.file.FileURLConnection.connect(FileURLConnection.java:90)
	at sun.net.www.protocol.file.FileURLConnection.getInputStream(FileURLConnection.java:188)
	at org.apache.velocity.runtime.resource.loader.URLResourceLoader.getResourceStream(URLResourceLoader.java:115)
	at org.apache.velocity.runtime.resource.ContentResource.process(ContentResource.java:65)
	at org.apache.velocity.runtime.resource.ResourceManagerImpl.loadResource(ResourceManagerImpl.java:437)
	at org.apache.velocity.runtime.resource.ResourceManagerImpl.getResource(ResourceManagerImpl.java:352)
	at org.apache.velocity.runtime.RuntimeInstance.getContent(RuntimeInstance.java:1576)
	at org.apache.velocity.runtime.directive.Include.renderOutput(Include.java:238)
	at org.apache.velocity.runtime.directive.Include.render(Include.java:164)
	at org.apache.velocity.runtime.parser.node.ASTDirective.render(ASTDirective.java:207)
	at org.apache.velocity.runtime.parser.node.ASTBlock.render(ASTBlock.java:72)
	at org.apache.velocity.runtime.parser.node.ASTIfStatement.render(ASTIfStatement.java:87)
	at org.apache.velocity.runtime.parser.node.SimpleNode.render(SimpleNode.java:342)
	at org.apache.velocity.Template.merge(Template.java:356)
	at org.apache.velocity.Template.merge(Template.java:260)
	at net.sourceforge.czt.gnast.Apgen.generateLowLevel(Apgen.java:305)
	at net.sourceforge.czt.gnast.Apgen.generate(Apgen.java:339)
	at net.sourceforge.czt.gnast.Project.createFile(Project.java:250)
	at net.sourceforge.czt.gnast.Project.createFileIfNeeded(Project.java:189)
	at net.sourceforge.czt.gnast.Project.generate(Project.java:395)
	at net.sourceforge.czt.gnast.Gnast.generate(Gnast.java:397)
	at net.sourceforge.czt.gnast.maven.GnastGenerateMojo.execute(GnastGenerateMojo.java:213)
	at org.apache.maven.plugin.DefaultBuildPluginManager.executeMojo(DefaultBuildPluginManager.java:137)
	at org.apache.maven.lifecycle.internal.MojoExecutor.execute(MojoExecutor.java:208)
	at org.apache.maven.lifecycle.internal.MojoExecutor.execute(MojoExecutor.java:154)
	at org.apache.maven.lifecycle.internal.MojoExecutor.execute(MojoExecutor.java:146)
	at org.apache.maven.lifecycle.internal.LifecycleModuleBuilder.buildProject(LifecycleModuleBuilder.java:117)
	at org.apache.maven.lifecycle.internal.LifecycleModuleBuilder.buildProject(LifecycleModuleBuilder.java:81)
	at org.apache.maven.lifecycle.internal.builder.singlethreaded.SingleThreadedBuilder.build(SingleThreadedBuilder.java:56)
	at org.apache.maven.lifecycle.internal.LifecycleStarter.execute(LifecycleStarter.java:128)
	at org.apache.maven.DefaultMaven.doExecute(DefaultMaven.java:305)
	at org.apache.maven.DefaultMaven.doExecute(DefaultMaven.java:192)
	at org.apache.maven.DefaultMaven.execute(DefaultMaven.java:105)
	at org.apache.maven.cli.MavenCli.execute(MavenCli.java:954)
	at org.apache.maven.cli.MavenCli.doMain(MavenCli.java:288)
	at org.apache.maven.cli.MavenCli.main(MavenCli.java:192)
	at sun.reflect.NativeMethodAccessorImpl.invoke0(Native Method)
	at sun.reflect.NativeMethodAccessorImpl.invoke(NativeMethodAccessorImpl.java:62)
	at sun.reflect.DelegatingMethodAccessorImpl.invoke(DelegatingMethodAccessorImpl.java:43)
	at java.lang.reflect.Method.invoke(Method.java:498)
	at org.codehaus.plexus.classworlds.launcher.Launcher.launchEnhanced(Launcher.java:289)
	at org.codehaus.plexus.classworlds.launcher.Launcher.launch(Launcher.java:229)
	at org.codehaus.plexus.classworlds.launcher.Launcher.mainWithExitCode(Launcher.java:415)
	at org.codehaus.plexus.classworlds.launcher.Launcher.main(Launcher.java:356)
2020-10-18 08:39:18,369 - URLResourceLoader: Found 'Copyright' at 'jar:file:/root/czt-code/corejava/corejava-src/target/corejava-src-1.6-cdh.jar!/vm/gnast/'
2020-10-18 08:39:18,369 - ResourceManager : found Copyright with loader org.apache.velocity.runtime.resource.loader.URLResourceLoader
2020-10-18 08:39:18,387 - URLResourceLoader: Exception when looking for 'AstInterface.vm' at 'file:/root/czt-code/corejava/corejava-circusconf/src/main/resources/vm/gnast/'
java.io.FileNotFoundException: /root/czt-code/corejava/corejava-circusconf/src/main/resources/vm/gnast/AstInterface.vm (No such file or directory)
	at java.io.FileInputStream.open0(Native Method)
	at java.io.FileInputStream.open(FileInputStream.java:195)
	at java.io.FileInputStream.<init>(FileInputStream.java:138)
	at java.io.FileInputStream.<init>(FileInputStream.java:93)
	at sun.net.www.protocol.file.FileURLConnection.connect(FileURLConnection.java:90)
	at sun.net.www.protocol.file.FileURLConnection.getInputStream(FileURLConnection.java:188)
	at org.apache.velocity.runtime.resource.loader.URLResourceLoader.getResourceStream(URLResourceLoader.java:115)
	at org.apache.velocity.Template.process(Template.java:108)
	at org.apache.velocity.runtime.resource.ResourceManagerImpl.loadResource(ResourceManagerImpl.java:437)
	at org.apache.velocity.runtime.resource.ResourceManagerImpl.getResource(ResourceManagerImpl.java:352)
	at org.apache.velocity.runtime.RuntimeInstance.getTemplate(RuntimeInstance.java:1533)
	at org.apache.velocity.runtime.RuntimeInstance.getTemplate(RuntimeInstance.java:1514)
	at net.sourceforge.czt.gnast.Apgen.generateLowLevel(Apgen.java:304)
	at net.sourceforge.czt.gnast.Apgen.generate(Apgen.java:339)
	at net.sourceforge.czt.gnast.Project.createFile(Project.java:250)
	at net.sourceforge.czt.gnast.Project.createFileIfNeeded(Project.java:189)
	at net.sourceforge.czt.gnast.Project.generate(Project.java:400)
	at net.sourceforge.czt.gnast.Gnast.generate(Gnast.java:397)
	at net.sourceforge.czt.gnast.maven.GnastGenerateMojo.execute(GnastGenerateMojo.java:213)
	at org.apache.maven.plugin.DefaultBuildPluginManager.executeMojo(DefaultBuildPluginManager.java:137)
	at org.apache.maven.lifecycle.internal.MojoExecutor.execute(MojoExecutor.java:208)
	at org.apache.maven.lifecycle.internal.MojoExecutor.execute(MojoExecutor.java:154)
	at org.apache.maven.lifecycle.internal.MojoExecutor.execute(MojoExecutor.java:146)
	at org.apache.maven.lifecycle.internal.LifecycleModuleBuilder.buildProject(LifecycleModuleBuilder.java:117)
	at org.apache.maven.lifecycle.internal.LifecycleModuleBuilder.buildProject(LifecycleModuleBuilder.java:81)
	at org.apache.maven.lifecycle.internal.builder.singlethreaded.SingleThreadedBuilder.build(SingleThreadedBuilder.java:56)
	at org.apache.maven.lifecycle.internal.LifecycleStarter.execute(LifecycleStarter.java:128)
	at org.apache.maven.DefaultMaven.doExecute(DefaultMaven.java:305)
	at org.apache.maven.DefaultMaven.doExecute(DefaultMaven.java:192)
	at org.apache.maven.DefaultMaven.execute(DefaultMaven.java:105)
	at org.apache.maven.cli.MavenCli.execute(MavenCli.java:954)
	at org.apache.maven.cli.MavenCli.doMain(MavenCli.java:288)
	at org.apache.maven.cli.MavenCli.main(MavenCli.java:192)
	at sun.reflect.NativeMethodAccessorImpl.invoke0(Native Method)
	at sun.reflect.NativeMethodAccessorImpl.invoke(NativeMethodAccessorImpl.java:62)
	at sun.reflect.DelegatingMethodAccessorImpl.invoke(DelegatingMethodAccessorImpl.java:43)
	at java.lang.reflect.Method.invoke(Method.java:498)
	at org.codehaus.plexus.classworlds.launcher.Launcher.launchEnhanced(Launcher.java:289)
	at org.codehaus.plexus.classworlds.launcher.Launcher.launch(Launcher.java:229)
	at org.codehaus.plexus.classworlds.launcher.Launcher.mainWithExitCode(Launcher.java:415)
	at org.codehaus.plexus.classworlds.launcher.Launcher.main(Launcher.java:356)
2020-10-18 08:39:18,387 - URLResourceLoader: Found 'AstInterface.vm' at 'jar:file:/root/czt-code/corejava/corejava-src/target/corejava-src-1.6-cdh.jar!/vm/gnast/'
2020-10-18 08:39:18,388 - ResourceManager : found AstInterface.vm with loader org.apache.velocity.runtime.resource.loader.URLResourceLoader
2020-10-18 08:39:18,388 - URLResourceLoader: Exception when looking for 'Copyright' at 'file:/root/czt-code/corejava/corejava-circusconf/src/main/resources/vm/gnast/'
java.io.FileNotFoundException: /root/czt-code/corejava/corejava-circusconf/src/main/resources/vm/gnast/Copyright (No such file or directory)
	at java.io.FileInputStream.open0(Native Method)
	at java.io.FileInputStream.open(FileInputStream.java:195)
	at java.io.FileInputStream.<init>(FileInputStream.java:138)
	at java.io.FileInputStream.<init>(FileInputStream.java:93)
	at sun.net.www.protocol.file.FileURLConnection.connect(FileURLConnection.java:90)
	at sun.net.www.protocol.file.FileURLConnection.getInputStream(FileURLConnection.java:188)
	at org.apache.velocity.runtime.resource.loader.URLResourceLoader.getResourceStream(URLResourceLoader.java:115)
	at org.apache.velocity.runtime.resource.ContentResource.process(ContentResource.java:65)
	at org.apache.velocity.runtime.resource.ResourceManagerImpl.loadResource(ResourceManagerImpl.java:437)
	at org.apache.velocity.runtime.resource.ResourceManagerImpl.getResource(ResourceManagerImpl.java:352)
	at org.apache.velocity.runtime.RuntimeInstance.getContent(RuntimeInstance.java:1576)
	at org.apache.velocity.runtime.directive.Include.renderOutput(Include.java:238)
	at org.apache.velocity.runtime.directive.Include.render(Include.java:164)
	at org.apache.velocity.runtime.parser.node.ASTDirective.render(ASTDirective.java:207)
	at org.apache.velocity.runtime.parser.node.ASTBlock.render(ASTBlock.java:72)
	at org.apache.velocity.runtime.parser.node.ASTIfStatement.render(ASTIfStatement.java:87)
	at org.apache.velocity.runtime.parser.node.SimpleNode.render(SimpleNode.java:342)
	at org.apache.velocity.Template.merge(Template.java:356)
	at org.apache.velocity.Template.merge(Template.java:260)
	at net.sourceforge.czt.gnast.Apgen.generateLowLevel(Apgen.java:305)
	at net.sourceforge.czt.gnast.Apgen.generate(Apgen.java:339)
	at net.sourceforge.czt.gnast.Project.createFile(Project.java:250)
	at net.sourceforge.czt.gnast.Project.createFileIfNeeded(Project.java:189)
	at net.sourceforge.czt.gnast.Project.generate(Project.java:400)
	at net.sourceforge.czt.gnast.Gnast.generate(Gnast.java:397)
	at net.sourceforge.czt.gnast.maven.GnastGenerateMojo.execute(GnastGenerateMojo.java:213)
	at org.apache.maven.plugin.DefaultBuildPluginManager.executeMojo(DefaultBuildPluginManager.java:137)
	at org.apache.maven.lifecycle.internal.MojoExecutor.execute(MojoExecutor.java:208)
	at org.apache.maven.lifecycle.internal.MojoExecutor.execute(MojoExecutor.java:154)
	at org.apache.maven.lifecycle.internal.MojoExecutor.execute(MojoExecutor.java:146)
	at org.apache.maven.lifecycle.internal.LifecycleModuleBuilder.buildProject(LifecycleModuleBuilder.java:117)
	at org.apache.maven.lifecycle.internal.LifecycleModuleBuilder.buildProject(LifecycleModuleBuilder.java:81)
	at org.apache.maven.lifecycle.internal.builder.singlethreaded.SingleThreadedBuilder.build(SingleThreadedBuilder.java:56)
	at org.apache.maven.lifecycle.internal.LifecycleStarter.execute(LifecycleStarter.java:128)
	at org.apache.maven.DefaultMaven.doExecute(DefaultMaven.java:305)
	at org.apache.maven.DefaultMaven.doExecute(DefaultMaven.java:192)
	at org.apache.maven.DefaultMaven.execute(DefaultMaven.java:105)
	at org.apache.maven.cli.MavenCli.execute(MavenCli.java:954)
	at org.apache.maven.cli.MavenCli.doMain(MavenCli.java:288)
	at org.apache.maven.cli.MavenCli.main(MavenCli.java:192)
	at sun.reflect.NativeMethodAccessorImpl.invoke0(Native Method)
	at sun.reflect.NativeMethodAccessorImpl.invoke(NativeMethodAccessorImpl.java:62)
	at sun.reflect.DelegatingMethodAccessorImpl.invoke(DelegatingMethodAccessorImpl.java:43)
	at java.lang.reflect.Method.invoke(Method.java:498)
	at org.codehaus.plexus.classworlds.launcher.Launcher.launchEnhanced(Launcher.java:289)
	at org.codehaus.plexus.classworlds.launcher.Launcher.launch(Launcher.java:229)
	at org.codehaus.plexus.classworlds.launcher.Launcher.mainWithExitCode(Launcher.java:415)
	at org.codehaus.plexus.classworlds.launcher.Launcher.main(Launcher.java:356)
2020-10-18 08:39:18,388 - URLResourceLoader: Found 'Copyright' at 'jar:file:/root/czt-code/corejava/corejava-src/target/corejava-src-1.6-cdh.jar!/vm/gnast/'
2020-10-18 08:39:18,388 - ResourceManager : found Copyright with loader org.apache.velocity.runtime.resource.loader.URLResourceLoader
2020-10-18 08:39:18,391 - URLResourceLoader: Exception when looking for 'AstVisitorInterface.vm' at 'file:/root/czt-code/corejava/corejava-circusconf/src/main/resources/vm/gnast/'
java.io.FileNotFoundException: /root/czt-code/corejava/corejava-circusconf/src/main/resources/vm/gnast/AstVisitorInterface.vm (No such file or directory)
	at java.io.FileInputStream.open0(Native Method)
	at java.io.FileInputStream.open(FileInputStream.java:195)
	at java.io.FileInputStream.<init>(FileInputStream.java:138)
	at java.io.FileInputStream.<init>(FileInputStream.java:93)
	at sun.net.www.protocol.file.FileURLConnection.connect(FileURLConnection.java:90)
	at sun.net.www.protocol.file.FileURLConnection.getInputStream(FileURLConnection.java:188)
	at org.apache.velocity.runtime.resource.loader.URLResourceLoader.getResourceStream(URLResourceLoader.java:115)
	at org.apache.velocity.Template.process(Template.java:108)
	at org.apache.velocity.runtime.resource.ResourceManagerImpl.loadResource(ResourceManagerImpl.java:437)
	at org.apache.velocity.runtime.resource.ResourceManagerImpl.getResource(ResourceManagerImpl.java:352)
	at org.apache.velocity.runtime.RuntimeInstance.getTemplate(RuntimeInstance.java:1533)
	at org.apache.velocity.runtime.RuntimeInstance.getTemplate(RuntimeInstance.java:1514)
	at net.sourceforge.czt.gnast.Apgen.generateLowLevel(Apgen.java:304)
	at net.sourceforge.czt.gnast.Apgen.generate(Apgen.java:339)
	at net.sourceforge.czt.gnast.Project.createFile(Project.java:250)
	at net.sourceforge.czt.gnast.Project.createFileIfNeeded(Project.java:189)
	at net.sourceforge.czt.gnast.Project.generate(Project.java:405)
	at net.sourceforge.czt.gnast.Gnast.generate(Gnast.java:397)
	at net.sourceforge.czt.gnast.maven.GnastGenerateMojo.execute(GnastGenerateMojo.java:213)
	at org.apache.maven.plugin.DefaultBuildPluginManager.executeMojo(DefaultBuildPluginManager.java:137)
	at org.apache.maven.lifecycle.internal.MojoExecutor.execute(MojoExecutor.java:208)
	at org.apache.maven.lifecycle.internal.MojoExecutor.execute(MojoExecutor.java:154)
	at org.apache.maven.lifecycle.internal.MojoExecutor.execute(MojoExecutor.java:146)
	at org.apache.maven.lifecycle.internal.LifecycleModuleBuilder.buildProject(LifecycleModuleBuilder.java:117)
	at org.apache.maven.lifecycle.internal.LifecycleModuleBuilder.buildProject(LifecycleModuleBuilder.java:81)
	at org.apache.maven.lifecycle.internal.builder.singlethreaded.SingleThreadedBuilder.build(SingleThreadedBuilder.java:56)
	at org.apache.maven.lifecycle.internal.LifecycleStarter.execute(LifecycleStarter.java:128)
	at org.apache.maven.DefaultMaven.doExecute(DefaultMaven.java:305)
	at org.apache.maven.DefaultMaven.doExecute(DefaultMaven.java:192)
	at org.apache.maven.DefaultMaven.execute(DefaultMaven.java:105)
	at org.apache.maven.cli.MavenCli.execute(MavenCli.java:954)
	at org.apache.maven.cli.MavenCli.doMain(MavenCli.java:288)
	at org.apache.maven.cli.MavenCli.main(MavenCli.java:192)
	at sun.reflect.NativeMethodAccessorImpl.invoke0(Native Method)
	at sun.reflect.NativeMethodAccessorImpl.invoke(NativeMethodAccessorImpl.java:62)
	at sun.reflect.DelegatingMethodAccessorImpl.invoke(DelegatingMethodAccessorImpl.java:43)
	at java.lang.reflect.Method.invoke(Method.java:498)
	at org.codehaus.plexus.classworlds.launcher.Launcher.launchEnhanced(Launcher.java:289)
	at org.codehaus.plexus.classworlds.launcher.Launcher.launch(Launcher.java:229)
	at org.codehaus.plexus.classworlds.launcher.Launcher.mainWithExitCode(Launcher.java:415)
	at org.codehaus.plexus.classworlds.launcher.Launcher.main(Launcher.java:356)
2020-10-18 08:39:18,391 - URLResourceLoader: Found 'AstVisitorInterface.vm' at 'jar:file:/root/czt-code/corejava/corejava-src/target/corejava-src-1.6-cdh.jar!/vm/gnast/'
2020-10-18 08:39:18,392 - ResourceManager : found AstVisitorInterface.vm with loader org.apache.velocity.runtime.resource.loader.URLResourceLoader
2020-10-18 08:39:18,392 - URLResourceLoader: Exception when looking for 'Copyright' at 'file:/root/czt-code/corejava/corejava-circusconf/src/main/resources/vm/gnast/'
java.io.FileNotFoundException: /root/czt-code/corejava/corejava-circusconf/src/main/resources/vm/gnast/Copyright (No such file or directory)
	at java.io.FileInputStream.open0(Native Method)
	at java.io.FileInputStream.open(FileInputStream.java:195)
	at java.io.FileInputStream.<init>(FileInputStream.java:138)
	at java.io.FileInputStream.<init>(FileInputStream.java:93)
	at sun.net.www.protocol.file.FileURLConnection.connect(FileURLConnection.java:90)
	at sun.net.www.protocol.file.FileURLConnection.getInputStream(FileURLConnection.java:188)
	at org.apache.velocity.runtime.resource.loader.URLResourceLoader.getResourceStream(URLResourceLoader.java:115)
	at org.apache.velocity.runtime.resource.ContentResource.process(ContentResource.java:65)
	at org.apache.velocity.runtime.resource.ResourceManagerImpl.loadResource(ResourceManagerImpl.java:437)
	at org.apache.velocity.runtime.resource.ResourceManagerImpl.getResource(ResourceManagerImpl.java:352)
	at org.apache.velocity.runtime.RuntimeInstance.getContent(RuntimeInstance.java:1576)
	at org.apache.velocity.runtime.directive.Include.renderOutput(Include.java:238)
	at org.apache.velocity.runtime.directive.Include.render(Include.java:164)
	at org.apache.velocity.runtime.parser.node.ASTDirective.render(ASTDirective.java:207)
	at org.apache.velocity.runtime.parser.node.ASTBlock.render(ASTBlock.java:72)
	at org.apache.velocity.runtime.parser.node.ASTIfStatement.render(ASTIfStatement.java:87)
	at org.apache.velocity.runtime.parser.node.SimpleNode.render(SimpleNode.java:342)
	at org.apache.velocity.Template.merge(Template.java:356)
	at org.apache.velocity.Template.merge(Template.java:260)
	at net.sourceforge.czt.gnast.Apgen.generateLowLevel(Apgen.java:305)
	at net.sourceforge.czt.gnast.Apgen.generate(Apgen.java:339)
	at net.sourceforge.czt.gnast.Project.createFile(Project.java:250)
	at net.sourceforge.czt.gnast.Project.createFileIfNeeded(Project.java:189)
	at net.sourceforge.czt.gnast.Project.generate(Project.java:405)
	at net.sourceforge.czt.gnast.Gnast.generate(Gnast.java:397)
	at net.sourceforge.czt.gnast.maven.GnastGenerateMojo.execute(GnastGenerateMojo.java:213)
	at org.apache.maven.plugin.DefaultBuildPluginManager.executeMojo(DefaultBuildPluginManager.java:137)
	at org.apache.maven.lifecycle.internal.MojoExecutor.execute(MojoExecutor.java:208)
	at org.apache.maven.lifecycle.internal.MojoExecutor.execute(MojoExecutor.java:154)
	at org.apache.maven.lifecycle.internal.MojoExecutor.execute(MojoExecutor.java:146)
	at org.apache.maven.lifecycle.internal.LifecycleModuleBuilder.buildProject(LifecycleModuleBuilder.java:117)
	at org.apache.maven.lifecycle.internal.LifecycleModuleBuilder.buildProject(LifecycleModuleBuilder.java:81)
	at org.apache.maven.lifecycle.internal.builder.singlethreaded.SingleThreadedBuilder.build(SingleThreadedBuilder.java:56)
	at org.apache.maven.lifecycle.internal.LifecycleStarter.execute(LifecycleStarter.java:128)
	at org.apache.maven.DefaultMaven.doExecute(DefaultMaven.java:305)
	at org.apache.maven.DefaultMaven.doExecute(DefaultMaven.java:192)
	at org.apache.maven.DefaultMaven.execute(DefaultMaven.java:105)
	at org.apache.maven.cli.MavenCli.execute(MavenCli.java:954)
	at org.apache.maven.cli.MavenCli.doMain(MavenCli.java:288)
	at org.apache.maven.cli.MavenCli.main(MavenCli.java:192)
	at sun.reflect.NativeMethodAccessorImpl.invoke0(Native Method)
	at sun.reflect.NativeMethodAccessorImpl.invoke(NativeMethodAccessorImpl.java:62)
	at sun.reflect.DelegatingMethodAccessorImpl.invoke(DelegatingMethodAccessorImpl.java:43)
	at java.lang.reflect.Method.invoke(Method.java:498)
	at org.codehaus.plexus.classworlds.launcher.Launcher.launchEnhanced(Launcher.java:289)
	at org.codehaus.plexus.classworlds.launcher.Launcher.launch(Launcher.java:229)
	at org.codehaus.plexus.classworlds.launcher.Launcher.mainWithExitCode(Launcher.java:415)
	at org.codehaus.plexus.classworlds.launcher.Launcher.main(Launcher.java:356)
2020-10-18 08:39:18,392 - URLResourceLoader: Found 'Copyright' at 'jar:file:/root/czt-code/corejava/corejava-src/target/corejava-src-1.6-cdh.jar!/vm/gnast/'
2020-10-18 08:39:18,392 - ResourceManager : found Copyright with loader org.apache.velocity.runtime.resource.loader.URLResourceLoader
2020-10-18 08:41:24,309 - Log4JLogChute initialized using file 'velocity.log'
2020-10-18 08:41:24,309 - Initializing Velocity, Calling init()...
2020-10-18 08:41:24,309 - Starting Apache Velocity v1.7 (compiled: 2010-11-19 12:14:37)
2020-10-18 08:41:24,309 - Default Properties File: org/apache/velocity/runtime/defaults/velocity.properties
2020-10-18 08:41:24,309 - Trying to use logger class org.apache.velocity.runtime.log.AvalonLogChute
2020-10-18 08:41:24,309 - Target log system for org.apache.velocity.runtime.log.AvalonLogChute is not available (java.lang.NoClassDefFoundError: org/apache/log/format/Formatter).  Falling back to next log system...
2020-10-18 08:41:24,309 - Trying to use logger class org.apache.velocity.runtime.log.Log4JLogChute
2020-10-18 08:41:24,309 - Using logger class org.apache.velocity.runtime.log.Log4JLogChute
2020-10-18 08:41:24,312 - ResourceLoader instantiated: org.apache.velocity.runtime.resource.loader.URLResourceLoader
2020-10-18 08:41:24,313 - URLResourceLoader : adding root 'file:/root/czt-code/rules/src/main/resources/vm/gnast//'
2020-10-18 08:41:24,320 - ResourceCache: initialized (class org.apache.velocity.runtime.resource.ResourceCacheImpl) with class java.util.Collections$SynchronizedMap cache map.
2020-10-18 08:41:24,321 - Loaded System Directive: org.apache.velocity.runtime.directive.Stop
2020-10-18 08:41:24,322 - Loaded System Directive: org.apache.velocity.runtime.directive.Define
2020-10-18 08:41:24,322 - Loaded System Directive: org.apache.velocity.runtime.directive.Break
2020-10-18 08:41:24,323 - Loaded System Directive: org.apache.velocity.runtime.directive.Evaluate
2020-10-18 08:41:24,323 - Loaded System Directive: org.apache.velocity.runtime.directive.Literal
2020-10-18 08:41:24,324 - Loaded System Directive: org.apache.velocity.runtime.directive.Macro
2020-10-18 08:41:24,325 - Loaded System Directive: org.apache.velocity.runtime.directive.Parse
2020-10-18 08:41:24,325 - Loaded System Directive: org.apache.velocity.runtime.directive.Include
2020-10-18 08:41:24,326 - Loaded System Directive: org.apache.velocity.runtime.directive.Foreach
2020-10-18 08:41:24,346 - Created '20' parsers.
2020-10-18 08:41:24,350 - Velocimacro : "velocimacro.library" is not set.  Trying default library: VM_global_library.vm
2020-10-18 08:41:24,351 - URLResourceLoader: Exception when looking for 'VM_global_library.vm' at 'file:/root/czt-code/rules/src/main/resources/vm/gnast//'
java.io.FileNotFoundException: /root/czt-code/rules/src/main/resources/vm/gnast/VM_global_library.vm (No such file or directory)
	at java.io.FileInputStream.open0(Native Method)
	at java.io.FileInputStream.open(FileInputStream.java:195)
	at java.io.FileInputStream.<init>(FileInputStream.java:138)
	at java.io.FileInputStream.<init>(FileInputStream.java:93)
	at sun.net.www.protocol.file.FileURLConnection.connect(FileURLConnection.java:90)
	at sun.net.www.protocol.file.FileURLConnection.getInputStream(FileURLConnection.java:188)
	at org.apache.velocity.runtime.resource.loader.URLResourceLoader.getResourceStream(URLResourceLoader.java:115)
	at org.apache.velocity.runtime.resource.loader.ResourceLoader.resourceExists(ResourceLoader.java:224)
	at org.apache.velocity.runtime.resource.ResourceManagerImpl.getLoaderForResource(ResourceManagerImpl.java:629)
	at org.apache.velocity.runtime.resource.ResourceManagerImpl.getLoaderNameForResource(ResourceManagerImpl.java:612)
	at org.apache.velocity.runtime.RuntimeInstance.getLoaderNameForResource(RuntimeInstance.java:1595)
	at org.apache.velocity.runtime.VelocimacroFactory.initVelocimacro(VelocimacroFactory.java:159)
	at org.apache.velocity.runtime.RuntimeInstance.init(RuntimeInstance.java:274)
	at org.apache.velocity.runtime.RuntimeInstance.init(RuntimeInstance.java:646)
	at net.sourceforge.czt.rules.codegen.GnastRuleCodegenMojo.execute(GnastRuleCodegenMojo.java:209)
	at org.apache.maven.plugin.DefaultBuildPluginManager.executeMojo(DefaultBuildPluginManager.java:137)
	at org.apache.maven.lifecycle.internal.MojoExecutor.execute(MojoExecutor.java:208)
	at org.apache.maven.lifecycle.internal.MojoExecutor.execute(MojoExecutor.java:154)
	at org.apache.maven.lifecycle.internal.MojoExecutor.execute(MojoExecutor.java:146)
	at org.apache.maven.lifecycle.internal.LifecycleModuleBuilder.buildProject(LifecycleModuleBuilder.java:117)
	at org.apache.maven.lifecycle.internal.LifecycleModuleBuilder.buildProject(LifecycleModuleBuilder.java:81)
	at org.apache.maven.lifecycle.internal.builder.singlethreaded.SingleThreadedBuilder.build(SingleThreadedBuilder.java:56)
	at org.apache.maven.lifecycle.internal.LifecycleStarter.execute(LifecycleStarter.java:128)
	at org.apache.maven.DefaultMaven.doExecute(DefaultMaven.java:305)
	at org.apache.maven.DefaultMaven.doExecute(DefaultMaven.java:192)
	at org.apache.maven.DefaultMaven.execute(DefaultMaven.java:105)
	at org.apache.maven.cli.MavenCli.execute(MavenCli.java:954)
	at org.apache.maven.cli.MavenCli.doMain(MavenCli.java:288)
	at org.apache.maven.cli.MavenCli.main(MavenCli.java:192)
	at sun.reflect.NativeMethodAccessorImpl.invoke0(Native Method)
	at sun.reflect.NativeMethodAccessorImpl.invoke(NativeMethodAccessorImpl.java:62)
	at sun.reflect.DelegatingMethodAccessorImpl.invoke(DelegatingMethodAccessorImpl.java:43)
	at java.lang.reflect.Method.invoke(Method.java:498)
	at org.codehaus.plexus.classworlds.launcher.Launcher.launchEnhanced(Launcher.java:289)
	at org.codehaus.plexus.classworlds.launcher.Launcher.launch(Launcher.java:229)
	at org.codehaus.plexus.classworlds.launcher.Launcher.mainWithExitCode(Launcher.java:415)
	at org.codehaus.plexus.classworlds.launcher.Launcher.main(Launcher.java:356)
2020-10-18 08:41:24,352 - Could not load resource 'VM_global_library.vm' from ResourceLoader org.apache.velocity.runtime.resource.loader.URLResourceLoader: /root/czt-code/rules/src/main/resources/vm/gnast/VM_global_library.vm (No such file or directory)
2020-10-18 08:41:24,352 - Velocimacro : Default library not found.
2020-10-18 08:41:24,352 - Velocimacro : allowInline = true : VMs can be defined inline in templates
2020-10-18 08:41:24,352 - Velocimacro : allowInlineToOverride = false : VMs defined inline may NOT replace previous VM definitions
2020-10-18 08:41:24,352 - Velocimacro : allowInlineLocal = false : VMs defined inline will be global in scope if allowed.
2020-10-18 08:41:24,352 - Velocimacro : autoload off : VM system will not automatically reload global library macros
2020-10-18 08:41:24,355 - URLResourceLoader: Found 'Joker.vm' at 'file:/root/czt-code/rules/src/main/resources/vm/gnast//'
2020-10-18 08:41:24,364 - ResourceManager : found Joker.vm with loader org.apache.velocity.runtime.resource.loader.URLResourceLoader
2020-10-18 08:41:24,368 - URLResourceLoader: Found 'Binding.vm' at 'file:/root/czt-code/rules/src/main/resources/vm/gnast//'
2020-10-18 08:41:24,370 - ResourceManager : found Binding.vm with loader org.apache.velocity.runtime.resource.loader.URLResourceLoader
2020-10-18 08:41:24,370 - URLResourceLoader: Found 'Joker.vm' at 'file:/root/czt-code/rules/src/main/resources/vm/gnast//'
2020-10-18 08:41:24,372 - ResourceManager : found Joker.vm with loader org.apache.velocity.runtime.resource.loader.URLResourceLoader
2020-10-18 08:41:24,373 - URLResourceLoader: Found 'Binding.vm' at 'file:/root/czt-code/rules/src/main/resources/vm/gnast//'
2020-10-18 08:41:24,374 - ResourceManager : found Binding.vm with loader org.apache.velocity.runtime.resource.loader.URLResourceLoader
2020-10-18 08:41:24,375 - URLResourceLoader: Found 'Joker.vm' at 'file:/root/czt-code/rules/src/main/resources/vm/gnast//'
2020-10-18 08:41:24,378 - ResourceManager : found Joker.vm with loader org.apache.velocity.runtime.resource.loader.URLResourceLoader
2020-10-18 08:41:24,378 - URLResourceLoader: Found 'Binding.vm' at 'file:/root/czt-code/rules/src/main/resources/vm/gnast//'
2020-10-18 08:41:24,379 - ResourceManager : found Binding.vm with loader org.apache.velocity.runtime.resource.loader.URLResourceLoader
2020-10-18 08:41:24,380 - URLResourceLoader: Found 'Joker.vm' at 'file:/root/czt-code/rules/src/main/resources/vm/gnast//'
2020-10-18 08:41:24,381 - ResourceManager : found Joker.vm with loader org.apache.velocity.runtime.resource.loader.URLResourceLoader
2020-10-18 08:41:24,382 - URLResourceLoader: Found 'Binding.vm' at 'file:/root/czt-code/rules/src/main/resources/vm/gnast//'
2020-10-18 08:41:24,383 - ResourceManager : found Binding.vm with loader org.apache.velocity.runtime.resource.loader.URLResourceLoader
2020-10-18 08:41:24,384 - URLResourceLoader: Found 'Joker.vm' at 'file:/root/czt-code/rules/src/main/resources/vm/gnast//'
2020-10-18 08:41:24,385 - ResourceManager : found Joker.vm with loader org.apache.velocity.runtime.resource.loader.URLResourceLoader
2020-10-18 08:41:24,385 - URLResourceLoader: Found 'Binding.vm' at 'file:/root/czt-code/rules/src/main/resources/vm/gnast//'
2020-10-18 08:41:24,386 - ResourceManager : found Binding.vm with loader org.apache.velocity.runtime.resource.loader.URLResourceLoader
2020-10-18 08:41:24,387 - URLResourceLoader: Found 'Joker.vm' at 'file:/root/czt-code/rules/src/main/resources/vm/gnast//'
2020-10-18 08:41:24,388 - ResourceManager : found Joker.vm with loader org.apache.velocity.runtime.resource.loader.URLResourceLoader
2020-10-18 08:41:24,389 - URLResourceLoader: Found 'Binding.vm' at 'file:/root/czt-code/rules/src/main/resources/vm/gnast//'
2020-10-18 08:41:24,389 - ResourceManager : found Binding.vm with loader org.apache.velocity.runtime.resource.loader.URLResourceLoader
2020-10-18 08:41:24,390 - URLResourceLoader: Found 'Joker.vm' at 'file:/root/czt-code/rules/src/main/resources/vm/gnast//'
2020-10-18 08:41:24,391 - ResourceManager : found Joker.vm with loader org.apache.velocity.runtime.resource.loader.URLResourceLoader
2020-10-18 08:41:24,392 - URLResourceLoader: Found 'Binding.vm' at 'file:/root/czt-code/rules/src/main/resources/vm/gnast//'
2020-10-18 08:41:24,392 - ResourceManager : found Binding.vm with loader org.apache.velocity.runtime.resource.loader.URLResourceLoader
2020-10-18 08:41:24,393 - URLResourceLoader: Found 'Joker.vm' at 'file:/root/czt-code/rules/src/main/resources/vm/gnast//'
2020-10-18 08:41:24,394 - ResourceManager : found Joker.vm with loader org.apache.velocity.runtime.resource.loader.URLResourceLoader
2020-10-18 08:41:24,394 - URLResourceLoader: Found 'Binding.vm' at 'file:/root/czt-code/rules/src/main/resources/vm/gnast//'
2020-10-18 08:41:24,395 - ResourceManager : found Binding.vm with loader org.apache.velocity.runtime.resource.loader.URLResourceLoader
2020-10-18 08:41:24,396 - URLResourceLoader: Found 'Factory.vm' at 'file:/root/czt-code/rules/src/main/resources/vm/gnast//'
2020-10-18 08:41:24,402 - ResourceManager : found Factory.vm with loader org.apache.velocity.runtime.resource.loader.URLResourceLoader
